#
# There is insufficient memory for the Java Runtime Environment to continue.
# Native memory allocation (mmap) failed to map 134217728 bytes for G1 virtual space
# Possible reasons:
#   The system is out of physical RAM or swap space
#   The process is running with CompressedOops enabled, and the Java Heap may be blocking the growth of the native heap
# Possible solutions:
#   Reduce memory load on the system
#   Increase physical memory or swap space
#   Check if swap backing store is full
#   Decrease Java heap size (-Xmx/-Xms)
#   Decrease number of Java threads
#   Decrease Java thread stack sizes (-Xss)
#   Set larger code cache with -XX:ReservedCodeCacheSize=
#   JVM is running with Unscaled Compressed Oops mode in which the Java heap is
#     placed in the first 4GB address space. The Java Heap base address is the
#     maximum limit for the native heap growth. Please use -XX:HeapBaseMinAddress
#     to set the Java Heap base and to place the Java Heap above 4GB virtual address.
# This output file may be truncated or incomplete.
#
#  Out of Memory Error (os_windows.cpp:3536), pid=7064, tid=11676
#
# JRE version:  (19.0.2+7) (build )
# Java VM: Java HotSpot(TM) 64-Bit Server VM (19.0.2+7-44, mixed mode, sharing, tiered, compressed oops, compressed class ptrs, g1 gc, windows-amd64)
# No core dump will be written. Minidumps are not enabled by default on client versions of Windows
#

---------------  S U M M A R Y ------------

Command Line: -Dfile.encoding=UTF-8 --module-path=C:\Users\1\OneDrive\Documents\NetBeansProjects\ProyectoClinetesTeam-version2\build\classes Views.RegistroRol

Host: Intel(R) Core(TM) i5-4590 CPU @ 3.30GHz, 4 cores, 7G,  Windows 10 , 64 bit Build 19041 (10.0.19041.5438)
Time: Sun Apr  6 19:56:02 2025 Hora est. Pacífico, Sudamérica elapsed time: 0.010212 seconds (0d 0h 0m 0s)

---------------  T H R E A D  ---------------

Current thread (0x000001b96bfb1410):  JavaThread "Unknown thread" [_thread_in_vm, id=11676, stack(0x0000000820400000,0x0000000820500000)]

Stack: [0x0000000820400000,0x0000000820500000]
Native frames: (J=compiled Java code, j=interpreted, Vv=VM code, C=native code)
V  [jvm.dll+0x6ee21a]
V  [jvm.dll+0x85765e]
V  [jvm.dll+0x85904e]
V  [jvm.dll+0x859703]
V  [jvm.dll+0x28298f]
V  [jvm.dll+0x6eb009]
V  [jvm.dll+0x6dfbaa]
V  [jvm.dll+0x3573f6]
V  [jvm.dll+0x35ee56]
V  [jvm.dll+0x3b541e]
V  [jvm.dll+0x3b564f]
V  [jvm.dll+0x32c9ea]
V  [jvm.dll+0x32d89e]
V  [jvm.dll+0x821780]
V  [jvm.dll+0x3c2661]
V  [jvm.dll+0x801f51]
V  [jvm.dll+0x44ae8f]
V  [jvm.dll+0x44c811]
C  [jli.dll+0x5287]
C  [ucrtbase.dll+0x21bb2]
C  [KERNEL32.DLL+0x17374]
C  [ntdll.dll+0x4cc91]


---------------  P R O C E S S  ---------------

Threads class SMR info:
_java_thread_list=0x00007ffb1663d048, length=0, elements={
}

Java Threads: ( => current thread )

Other Threads:
  0x000001b96c00eb10 WorkerThread "GC Thread#0" [stack: 0x0000000820500000,0x0000000820600000] [id=2336]
  0x000001b96c01f8d0 ConcurrentGCThread "G1 Main Marker" [stack: 0x0000000820600000,0x0000000820700000] [id=12428]
  0x000001b96c020300 WorkerThread "G1 Conc#0" [stack: 0x0000000820700000,0x0000000820800000] [id=2892]

[error occurred during error reporting (printing all threads), id 0xc0000005, EXCEPTION_ACCESS_VIOLATION (0xc0000005) at pc=0x00007ffb15dfd427]

VM state: not at safepoint (not fully initialized)

VM Mutex/Monitor currently owned by a thread:  ([mutex/lock_event])
[0x000001b96bfaced0] Heap_lock - owner thread: 0x000001b96bfb1410

Heap address: 0x0000000081a00000, size: 2022 MB, Compressed Oops mode: 32-bit

CDS archive(s) mapped at: [0x0000000000000000-0x0000000000000000-0x0000000000000000), size 0, SharedBaseAddress: 0x0000000800000000, ArchiveRelocationMode: 0.
Narrow klass base: 0x0000000000000000, Narrow klass shift: 0, Narrow klass range: 0x0

GC Precious Log:
 CardTable entry size: 512
 Card Set container configuration: InlinePtr #cards 5 size 8 Array Of Cards #cards 12 size 40 Howl #buckets 4 coarsen threshold 1843 Howl Bitmap #cards 512 size 80 coarsen threshold 460 Card regions per heap region 1 cards per card region 2048

Heap:
 garbage-first heap   total 0K, used 0K [0x0000000081a00000, 0x0000000100000000)
  region size 1024K, 0 young (0K), 0 survivors (0K)

[error occurred during error reporting (printing heap information), id 0xc0000005, EXCEPTION_ACCESS_VIOLATION (0xc0000005) at pc=0x00007ffb16206649]

GC Heap History (0 events):
No events

Dll operation events (1 events):
Event: 0.006 Loaded shared library C:\Program Files\Java\jdk-19\bin\java.dll

Deoptimization events (0 events):
No events

Classes loaded (0 events):
No events

Classes unloaded (0 events):
No events

Classes redefined (0 events):
No events

Internal exceptions (0 events):
No events

VM Operations (0 events):
No events

Events (0 events):
No events


Dynamic libraries:
0x00007ff7a4d10000 - 0x00007ff7a4d20000 	C:\Program Files\Java\jdk-19\bin\java.exe
0x00007ffb6ed90000 - 0x00007ffb6ef88000 	C:\WINDOWS\SYSTEM32\ntdll.dll
0x00007ffb6d220000 - 0x00007ffb6d2e2000 	C:\WINDOWS\System32\KERNEL32.DLL
0x00007ffb6cab0000 - 0x00007ffb6cdaf000 	C:\WINDOWS\System32\KERNELBASE.dll
0x00007ffb6c5e0000 - 0x00007ffb6c6e0000 	C:\WINDOWS\System32\ucrtbase.dll
0x00007ffb64b70000 - 0x00007ffb64b8b000 	C:\Program Files\Java\jdk-19\bin\VCRUNTIME140.dll
0x00007ffb63fa0000 - 0x00007ffb63fb8000 	C:\Program Files\Java\jdk-19\bin\jli.dll
0x00007ffb6cf40000 - 0x00007ffb6cfef000 	C:\WINDOWS\System32\ADVAPI32.dll
0x00007ffb6dbd0000 - 0x00007ffb6dc6e000 	C:\WINDOWS\System32\msvcrt.dll
0x00007ffb6d530000 - 0x00007ffb6d5cf000 	C:\WINDOWS\System32\sechost.dll
0x00007ffb6dd20000 - 0x00007ffb6de43000 	C:\WINDOWS\System32\RPCRT4.dll
0x00007ffb6c910000 - 0x00007ffb6c937000 	C:\WINDOWS\System32\bcrypt.dll
0x00007ffb6dee0000 - 0x00007ffb6e07d000 	C:\WINDOWS\System32\USER32.dll
0x00007ffb6c6e0000 - 0x00007ffb6c702000 	C:\WINDOWS\System32\win32u.dll
0x00007ffb604b0000 - 0x00007ffb6074a000 	C:\WINDOWS\WinSxS\amd64_microsoft.windows.common-controls_6595b64144ccf1df_6.0.19041.4355_none_60b8b9eb71f62e16\COMCTL32.dll
0x00007ffb6dba0000 - 0x00007ffb6dbcb000 	C:\WINDOWS\System32\GDI32.dll
0x00007ffb6c4c0000 - 0x00007ffb6c5da000 	C:\WINDOWS\System32\gdi32full.dll
0x00007ffb6c710000 - 0x00007ffb6c7ad000 	C:\WINDOWS\System32\msvcp_win.dll
0x00007ffb60e50000 - 0x00007ffb60e5a000 	C:\WINDOWS\SYSTEM32\VERSION.dll
0x00007ffb6de50000 - 0x00007ffb6de7f000 	C:\WINDOWS\System32\IMM32.DLL
0x00007ffb63f90000 - 0x00007ffb63f9c000 	C:\Program Files\Java\jdk-19\bin\vcruntime140_1.dll
0x00007ffb4cc70000 - 0x00007ffb4ccfe000 	C:\Program Files\Java\jdk-19\bin\msvcp140.dll
0x00007ffb15ac0000 - 0x00007ffb16780000 	C:\Program Files\Java\jdk-19\bin\server\jvm.dll
0x00007ffb5eb10000 - 0x00007ffb5eb37000 	C:\WINDOWS\SYSTEM32\WINMM.dll
0x00007ffb45120000 - 0x00007ffb45129000 	C:\WINDOWS\SYSTEM32\WSOCK32.dll
0x00007ffb6db30000 - 0x00007ffb6db9b000 	C:\WINDOWS\System32\WS2_32.dll
0x00007ffb6a2d0000 - 0x00007ffb6a2e2000 	C:\WINDOWS\SYSTEM32\kernel.appcore.dll
0x00007ffb63f80000 - 0x00007ffb63f8a000 	C:\Program Files\Java\jdk-19\bin\jimage.dll
0x00007ffb5d570000 - 0x00007ffb5d754000 	C:\WINDOWS\SYSTEM32\DBGHELP.DLL
0x00007ffb5c930000 - 0x00007ffb5c964000 	C:\WINDOWS\SYSTEM32\dbgcore.DLL
0x00007ffb6c430000 - 0x00007ffb6c4b2000 	C:\WINDOWS\System32\bcryptPrimitives.dll
0x00007ffb4fb70000 - 0x00007ffb4fb96000 	C:\Program Files\Java\jdk-19\bin\java.dll

dbghelp: loaded successfully - version: 4.0.5 - missing functions: none
symbol engine: initialized successfully - sym options: 0x614 - pdb path: .;C:\Program Files\Java\jdk-19\bin;C:\WINDOWS\SYSTEM32;C:\WINDOWS\WinSxS\amd64_microsoft.windows.common-controls_6595b64144ccf1df_6.0.19041.4355_none_60b8b9eb71f62e16;C:\Program Files\Java\jdk-19\bin\server

VM Arguments:
jvm_args: -Dfile.encoding=UTF-8 --module-path=C:\Users\1\OneDrive\Documents\NetBeansProjects\ProyectoClinetesTeam-version2\build\classes 
java_command: Views.RegistroRol
java_class_path (initial): C:\Users\1\Downloads\mysql-connector-j-9.2.0\mysql-connector-j-9.2.0.jar;C:\Users\1\OneDrive\Documents\NetBeansProjects\ProyectoClinetesTeam-version2\build\classes
Launcher Type: SUN_STANDARD

[Global flags]
     intx CICompilerCount                          = 3                                         {product} {ergonomic}
     uint ConcGCThreads                            = 1                                         {product} {ergonomic}
     uint G1ConcRefinementThreads                  = 4                                         {product} {ergonomic}
   size_t G1HeapRegionSize                         = 1048576                                   {product} {ergonomic}
    uintx GCDrainStackTargetSize                   = 64                                        {product} {ergonomic}
   size_t InitialHeapSize                          = 134217728                                 {product} {ergonomic}
   size_t MarkStackSize                            = 4194304                                   {product} {ergonomic}
   size_t MaxHeapSize                              = 2120220672                                {product} {ergonomic}
   size_t MinHeapDeltaBytes                        = 1048576                                   {product} {ergonomic}
   size_t MinHeapSize                              = 8388608                                   {product} {ergonomic}
    uintx NonNMethodCodeHeapSize                   = 5832780                                {pd product} {ergonomic}
    uintx NonProfiledCodeHeapSize                  = 122912730                              {pd product} {ergonomic}
    uintx ProfiledCodeHeapSize                     = 122912730                              {pd product} {ergonomic}
    uintx ReservedCodeCacheSize                    = 251658240                              {pd product} {ergonomic}
     bool SegmentedCodeCache                       = true                                      {product} {ergonomic}
   size_t SoftMaxHeapSize                          = 2120220672                             {manageable} {ergonomic}
     bool UseCompressedClassPointers               = true                           {product lp64_product} {ergonomic}
     bool UseCompressedOops                        = true                           {product lp64_product} {ergonomic}
     bool UseG1GC                                  = true                                      {product} {ergonomic}
     bool UseLargePagesIndividualAllocation        = false                                  {pd product} {ergonomic}

Logging:
Log output configuration:
 #0: stdout all=warning uptime,level,tags foldmultilines=false
 #1: stderr all=off uptime,level,tags foldmultilines=false

Environment Variables:
JAVA_HOME=C:\Program Files\Java\jdk-19
PATH=C:\Program Files\Common Files\Oracle\Java\javapath;C:\WINDOWS\system32;C:\WINDOWS;C:\WINDOWS\System32\Wbem;C:\WINDOWS\System32\WindowsPowerShell\v1.0\;C:\WINDOWS\System32\OpenSSH\;C:\Program Files\Git\cmd;C:\ProgramData\chocolatey\bin;C:\Program Files\nodejs\;C:\Users\1\AppData\Local\Programs\Python\Python311\Scripts\;C:\Users\1\AppData\Local\Programs\Python\Python311\;C:\Program Files\MySQL\MySQL Shell 8.0\bin\;C:\Users\1\AppData\Local\Microsoft\WindowsApps;C:\Users\1\AppData\Local\Programs\Microsoft VS Code\bin;C:\Users\1\AppData\Roaming\npm;
USERNAME=1
OS=Windows_NT
PROCESSOR_IDENTIFIER=Intel64 Family 6 Model 60 Stepping 3, GenuineIntel
TMP=C:\Users\1\AppData\Local\Temp
TEMP=C:\Users\1\AppData\Local\Temp



---------------  S Y S T E M  ---------------

OS:
 Windows 10 , 64 bit Build 19041 (10.0.19041.5438)
OS uptime: 0 days 6:04 hours

CPU: total 4 (initial active 4) (4 cores per cpu, 1 threads per core) family 6 model 60 stepping 3 microcode 0x27, cx8, cmov, fxsr, mmx, sse, sse2, sse3, ssse3, sse4.1, sse4.2, popcnt, lzcnt, tsc, tscinvbit, avx, avx2, aes, erms, clmul, bmi1, bmi2, fma, vzeroupper, clflush, rdtscp

Memory: 4k page, system-wide physical 8082M (1289M free)
TotalPageFile size 10130M (AvailPageFile size 54M)
current process WorkingSet (physical memory assigned to process): 10M, peak: 10M
current process commit charge ("private bytes"): 52M, peak: 180M

vm_info: Java HotSpot(TM) 64-Bit Server VM (19.0.2+7-44) for windows-amd64 JRE (19.0.2+7-44), built on 2022-11-30T18:02:09Z by "mach5one" with MS VC++ 17.1 (VS2022)

END.
