#
# There is insufficient memory for the Java Runtime Environment to continue.
# Native memory allocation (malloc) failed to allocate 301536 bytes for Chunk::new
# Possible reasons:
#   The system is out of physical RAM or swap space
#   The process is running with CompressedOops enabled, and the Java Heap may be blocking the growth of the native heap
# Possible solutions:
#   Reduce memory load on the system
#   Increase physical memory or swap space
#   Check if swap backing store is full
#   Decrease Java heap size (-Xmx/-Xms)
#   Decrease number of Java threads
#   Decrease Java thread stack sizes (-Xss)
#   Set larger code cache with -XX:ReservedCodeCacheSize=
#   JVM is running with Unscaled Compressed Oops mode in which the Java heap is
#     placed in the first 4GB address space. The Java Heap base address is the
#     maximum limit for the native heap growth. Please use -XX:HeapBaseMinAddress
#     to set the Java Heap base and to place the Java Heap above 4GB virtual address.
# This output file may be truncated or incomplete.
#
#  Out of Memory Error (arena.cpp:184), pid=9536, tid=6020
#
# JRE version: Java(TM) SE Runtime Environment (19.0.2+7) (build 19.0.2+7-44)
# Java VM: Java HotSpot(TM) 64-Bit Server VM (19.0.2+7-44, mixed mode, sharing, tiered, compressed oops, compressed class ptrs, g1 gc, windows-amd64)
# No core dump will be written. Minidumps are not enabled by default on client versions of Windows
#

---------------  S U M M A R Y ------------

Command Line: -Dfile.encoding=UTF-8 --module-path=C:\Users\1\OneDrive\Documents\NetBeansProjects\ProyectoClinetesTeam-version2\build\classes Views.JframeRol

Host: Intel(R) Core(TM) i5-4590 CPU @ 3.30GHz, 4 cores, 7G,  Windows 10 , 64 bit Build 19041 (10.0.19041.5438)
Time: Wed Apr  2 11:08:33 2025 Hora est. Pacífico, Sudamérica elapsed time: 62.312083 seconds (0d 0h 1m 2s)

---------------  T H R E A D  ---------------

Current thread (0x0000019e17368f20):  JavaThread "C2 CompilerThread0" daemon [_thread_in_native, id=6020, stack(0x0000008a65e00000,0x0000008a65f00000)]


Current CompileTask:
C2:  62312 1808 %     4       sun.java2d.marlin.Renderer::_endRendering @ 256 (2480 bytes)

Stack: [0x0000008a65e00000,0x0000008a65f00000]
Native frames: (J=compiled Java code, j=interpreted, Vv=VM code, C=native code)
V  [jvm.dll+0x6ee21a]
V  [jvm.dll+0x85765e]
V  [jvm.dll+0x85904e]
V  [jvm.dll+0x859703]
V  [jvm.dll+0x28298f]
V  [jvm.dll+0xc9adf]
V  [jvm.dll+0xc9e65]
V  [jvm.dll+0x2f7caf]
V  [jvm.dll+0x5f076b]
V  [jvm.dll+0x255483]
V  [jvm.dll+0x24de26]
V  [jvm.dll+0x24b673]
V  [jvm.dll+0x1d6ce1]
V  [jvm.dll+0x25b25a]
V  [jvm.dll+0x2596e8]
V  [jvm.dll+0x807588]
V  [jvm.dll+0x80125a]
V  [jvm.dll+0x6ecf0b]
C  [ucrtbase.dll+0x21bb2]
C  [KERNEL32.DLL+0x17374]
C  [ntdll.dll+0x4cc91]


---------------  P R O C E S S  ---------------

Threads class SMR info:
_java_thread_list=0x0000019e1d3efbe0, length=18, elements={
0x0000019e17358130, 0x0000019e1735a280, 0x0000019e1735b5b0, 0x0000019e1735bee0,
0x0000019e1735ca20, 0x0000019e1735fab0, 0x0000019e17368f20, 0x0000019e17371ec0,
0x0000019e17366a60, 0x0000019e1b5e29e0, 0x0000019e1b5e39d0, 0x0000019e1b5e2490,
0x0000019e1b5e2f30, 0x0000019e1b5e3480, 0x0000019e1b5e5460, 0x0000019e1b5e4f10,
0x0000019e1d25a5a0, 0x0000019e1d2585c0
}

Java Threads: ( => current thread )
  0x0000019e17358130 JavaThread "Reference Handler" daemon [_thread_blocked, id=4108, stack(0x0000008a65800000,0x0000008a65900000)]
  0x0000019e1735a280 JavaThread "Finalizer" daemon [_thread_blocked, id=16532, stack(0x0000008a65900000,0x0000008a65a00000)]
  0x0000019e1735b5b0 JavaThread "Signal Dispatcher" daemon [_thread_blocked, id=9280, stack(0x0000008a65a00000,0x0000008a65b00000)]
  0x0000019e1735bee0 JavaThread "Attach Listener" daemon [_thread_blocked, id=18228, stack(0x0000008a65b00000,0x0000008a65c00000)]
  0x0000019e1735ca20 JavaThread "Service Thread" daemon [_thread_blocked, id=18268, stack(0x0000008a65c00000,0x0000008a65d00000)]
  0x0000019e1735fab0 JavaThread "Monitor Deflation Thread" daemon [_thread_blocked, id=2912, stack(0x0000008a65d00000,0x0000008a65e00000)]
=>0x0000019e17368f20 JavaThread "C2 CompilerThread0" daemon [_thread_in_native, id=6020, stack(0x0000008a65e00000,0x0000008a65f00000)]
  0x0000019e17371ec0 JavaThread "C1 CompilerThread0" daemon [_thread_blocked, id=3064, stack(0x0000008a65f00000,0x0000008a66000000)]
  0x0000019e17366a60 JavaThread "Sweeper thread" daemon [_thread_blocked, id=13992, stack(0x0000008a66000000,0x0000008a66100000)]
  0x0000019e1b5e29e0 JavaThread "Common-Cleaner" daemon [_thread_blocked, id=12040, stack(0x0000008a66100000,0x0000008a66200000)]
  0x0000019e1b5e39d0 JavaThread "Notification Thread" daemon [_thread_blocked, id=10972, stack(0x0000008a66200000,0x0000008a66300000)]
  0x0000019e1b5e2490 JavaThread "Java2D Disposer" daemon [_thread_blocked, id=18048, stack(0x0000008a66400000,0x0000008a66500000)]
  0x0000019e1b5e2f30 JavaThread "AWT-Shutdown" [_thread_blocked, id=10224, stack(0x0000008a66500000,0x0000008a66600000)]
  0x0000019e1b5e3480 JavaThread "AWT-Windows" daemon [_thread_in_native, id=10588, stack(0x0000008a66600000,0x0000008a66700000)]
  0x0000019e1b5e5460 JavaThread "AWT-EventQueue-0" [_thread_blocked, id=1780, stack(0x0000008a66700000,0x0000008a66800000)]
  0x0000019e1b5e4f10 JavaThread "DestroyJavaVM" [_thread_blocked, id=12564, stack(0x0000008a65100000,0x0000008a65200000)]
  0x0000019e1d25a5a0 JavaThread "TimerQueue" daemon [_thread_blocked, id=1760, stack(0x0000008a66b00000,0x0000008a66c00000)]
  0x0000019e1d2585c0 JavaThread "mysql-cj-abandoned-connection-cleanup" daemon [_thread_blocked, id=11640, stack(0x0000008a66c00000,0x0000008a66d00000)]

Other Threads:
  0x0000019e1733f6e0 VMThread "VM Thread" [stack: 0x0000008a65700000,0x0000008a65800000] [id=15420]
  0x0000019e1b64b580 WatcherThread "VM Periodic Task Thread" [stack: 0x0000008a66300000,0x0000008a66400000] [id=3420]
  0x0000019e793a09b0 WorkerThread "GC Thread#0" [stack: 0x0000008a65200000,0x0000008a65300000] [id=13304]
  0x0000019e1b91c650 WorkerThread "GC Thread#1" [stack: 0x0000008a66d00000,0x0000008a66e00000] [id=6088]
  0x0000019e1ceca610 WorkerThread "GC Thread#2" [stack: 0x0000008a66e00000,0x0000008a66f00000] [id=9468]
  0x0000019e1d1067a0 WorkerThread "GC Thread#3" [stack: 0x0000008a66f00000,0x0000008a67000000] [id=17368]
  0x0000019e793b2590 ConcurrentGCThread "G1 Main Marker" [stack: 0x0000008a65300000,0x0000008a65400000] [id=13908]
  0x0000019e793b3570 WorkerThread "G1 Conc#0" [stack: 0x0000008a65400000,0x0000008a65500000] [id=6276]
  0x0000019e171f70e0 ConcurrentGCThread "G1 Refine#0" [stack: 0x0000008a65500000,0x0000008a65600000] [id=952]
  0x0000019e171f8a40 ConcurrentGCThread "G1 Service" [stack: 0x0000008a65600000,0x0000008a65700000] [id=17600]

Threads with active compile tasks:
C2 CompilerThread0    62349 1808 %     4       sun.java2d.marlin.Renderer::_endRendering @ 256 (2480 bytes)

VM state: not at safepoint (normal execution)

VM Mutex/Monitor currently owned by a thread: None

Heap address: 0x0000000081a00000, size: 2022 MB, Compressed Oops mode: 32-bit

CDS archive(s) mapped at: [0x0000000800000000-0x0000000800c40000-0x0000000800c40000), size 12845056, SharedBaseAddress: 0x0000000800000000, ArchiveRelocationMode: 0.
Compressed class space mapped at: 0x0000000801000000-0x0000000841000000, reserved size: 1073741824
Narrow klass base: 0x0000000800000000, Narrow klass shift: 0, Narrow klass range: 0x100000000

GC Precious Log:
 CardTable entry size: 512
 Card Set container configuration: InlinePtr #cards 5 size 8 Array Of Cards #cards 12 size 40 Howl #buckets 4 coarsen threshold 1843 Howl Bitmap #cards 512 size 80 coarsen threshold 460 Card regions per heap region 1 cards per card region 2048
 CPUs: 4 total, 4 available
 Memory: 8082M
 Large Page Support: Disabled
 NUMA Support: Disabled
 Compressed Oops: Enabled (32-bit)
 Heap Region Size: 1M
 Heap Min Capacity: 8M
 Heap Initial Capacity: 128M
 Heap Max Capacity: 2022M
 Pre-touch: Disabled
 Parallel Workers: 4
 Concurrent Workers: 1
 Concurrent Refinement Workers: 4
 Periodic GC: Disabled

Heap:
 garbage-first heap   total 131072K, used 11868K [0x0000000081a00000, 0x0000000100000000)
  region size 1024K, 12 young (12288K), 2 survivors (2048K)
 Metaspace       used 15006K, committed 15232K, reserved 1114112K
  class space    used 1641K, committed 1728K, reserved 1048576K

Heap Regions: E=young(eden), S=young(survivor), O=old, HS=humongous(starts), HC=humongous(continues), CS=collection set, F=free, OA=open archive, CA=closed archive, TAMS=top-at-mark-start (previous, next)
|   0|0x0000000081a00000, 0x0000000081b00000, 0x0000000081b00000|100%| O|  |TAMS 0x0000000081a00000, 0x0000000081a00000| Untracked 
|   1|0x0000000081b00000, 0x0000000081b97000, 0x0000000081c00000| 58%| O|  |TAMS 0x0000000081b00000, 0x0000000081b00000| Untracked 
|   2|0x0000000081c00000, 0x0000000081c00000, 0x0000000081d00000|  0%| F|  |TAMS 0x0000000081c00000, 0x0000000081c00000| Untracked 
|   3|0x0000000081d00000, 0x0000000081d00000, 0x0000000081e00000|  0%| F|  |TAMS 0x0000000081d00000, 0x0000000081d00000| Untracked 
|   4|0x0000000081e00000, 0x0000000081e00000, 0x0000000081f00000|  0%| F|  |TAMS 0x0000000081e00000, 0x0000000081e00000| Untracked 
|   5|0x0000000081f00000, 0x0000000081f00000, 0x0000000082000000|  0%| F|  |TAMS 0x0000000081f00000, 0x0000000081f00000| Untracked 
|   6|0x0000000082000000, 0x0000000082000000, 0x0000000082100000|  0%| F|  |TAMS 0x0000000082000000, 0x0000000082000000| Untracked 
|   7|0x0000000082100000, 0x0000000082100000, 0x0000000082200000|  0%| F|  |TAMS 0x0000000082100000, 0x0000000082100000| Untracked 
|   8|0x0000000082200000, 0x0000000082200000, 0x0000000082300000|  0%| F|  |TAMS 0x0000000082200000, 0x0000000082200000| Untracked 
|   9|0x0000000082300000, 0x0000000082300000, 0x0000000082400000|  0%| F|  |TAMS 0x0000000082300000, 0x0000000082300000| Untracked 
|  10|0x0000000082400000, 0x0000000082400000, 0x0000000082500000|  0%| F|  |TAMS 0x0000000082400000, 0x0000000082400000| Untracked 
|  11|0x0000000082500000, 0x0000000082500000, 0x0000000082600000|  0%| F|  |TAMS 0x0000000082500000, 0x0000000082500000| Untracked 
|  12|0x0000000082600000, 0x0000000082600000, 0x0000000082700000|  0%| F|  |TAMS 0x0000000082600000, 0x0000000082600000| Untracked 
|  13|0x0000000082700000, 0x0000000082700000, 0x0000000082800000|  0%| F|  |TAMS 0x0000000082700000, 0x0000000082700000| Untracked 
|  14|0x0000000082800000, 0x0000000082800000, 0x0000000082900000|  0%| F|  |TAMS 0x0000000082800000, 0x0000000082800000| Untracked 
|  15|0x0000000082900000, 0x0000000082900000, 0x0000000082a00000|  0%| F|  |TAMS 0x0000000082900000, 0x0000000082900000| Untracked 
|  16|0x0000000082a00000, 0x0000000082a00000, 0x0000000082b00000|  0%| F|  |TAMS 0x0000000082a00000, 0x0000000082a00000| Untracked 
|  17|0x0000000082b00000, 0x0000000082b00000, 0x0000000082c00000|  0%| F|  |TAMS 0x0000000082b00000, 0x0000000082b00000| Untracked 
|  18|0x0000000082c00000, 0x0000000082c00000, 0x0000000082d00000|  0%| F|  |TAMS 0x0000000082c00000, 0x0000000082c00000| Untracked 
|  19|0x0000000082d00000, 0x0000000082d00000, 0x0000000082e00000|  0%| F|  |TAMS 0x0000000082d00000, 0x0000000082d00000| Untracked 
|  20|0x0000000082e00000, 0x0000000082e00000, 0x0000000082f00000|  0%| F|  |TAMS 0x0000000082e00000, 0x0000000082e00000| Untracked 
|  21|0x0000000082f00000, 0x0000000082f00000, 0x0000000083000000|  0%| F|  |TAMS 0x0000000082f00000, 0x0000000082f00000| Untracked 
|  22|0x0000000083000000, 0x0000000083000000, 0x0000000083100000|  0%| F|  |TAMS 0x0000000083000000, 0x0000000083000000| Untracked 
|  23|0x0000000083100000, 0x0000000083100000, 0x0000000083200000|  0%| F|  |TAMS 0x0000000083100000, 0x0000000083100000| Untracked 
|  24|0x0000000083200000, 0x0000000083200000, 0x0000000083300000|  0%| F|  |TAMS 0x0000000083200000, 0x0000000083200000| Untracked 
|  25|0x0000000083300000, 0x0000000083300000, 0x0000000083400000|  0%| F|  |TAMS 0x0000000083300000, 0x0000000083300000| Untracked 
|  26|0x0000000083400000, 0x0000000083400000, 0x0000000083500000|  0%| F|  |TAMS 0x0000000083400000, 0x0000000083400000| Untracked 
|  27|0x0000000083500000, 0x0000000083500000, 0x0000000083600000|  0%| F|  |TAMS 0x0000000083500000, 0x0000000083500000| Untracked 
|  28|0x0000000083600000, 0x0000000083600000, 0x0000000083700000|  0%| F|  |TAMS 0x0000000083600000, 0x0000000083600000| Untracked 
|  29|0x0000000083700000, 0x0000000083700000, 0x0000000083800000|  0%| F|  |TAMS 0x0000000083700000, 0x0000000083700000| Untracked 
|  30|0x0000000083800000, 0x0000000083800000, 0x0000000083900000|  0%| F|  |TAMS 0x0000000083800000, 0x0000000083800000| Untracked 
|  31|0x0000000083900000, 0x0000000083900000, 0x0000000083a00000|  0%| F|  |TAMS 0x0000000083900000, 0x0000000083900000| Untracked 
|  32|0x0000000083a00000, 0x0000000083a00000, 0x0000000083b00000|  0%| F|  |TAMS 0x0000000083a00000, 0x0000000083a00000| Untracked 
|  33|0x0000000083b00000, 0x0000000083b00000, 0x0000000083c00000|  0%| F|  |TAMS 0x0000000083b00000, 0x0000000083b00000| Untracked 
|  34|0x0000000083c00000, 0x0000000083c00000, 0x0000000083d00000|  0%| F|  |TAMS 0x0000000083c00000, 0x0000000083c00000| Untracked 
|  35|0x0000000083d00000, 0x0000000083d00000, 0x0000000083e00000|  0%| F|  |TAMS 0x0000000083d00000, 0x0000000083d00000| Untracked 
|  36|0x0000000083e00000, 0x0000000083e00000, 0x0000000083f00000|  0%| F|  |TAMS 0x0000000083e00000, 0x0000000083e00000| Untracked 
|  37|0x0000000083f00000, 0x0000000083f00000, 0x0000000084000000|  0%| F|  |TAMS 0x0000000083f00000, 0x0000000083f00000| Untracked 
|  38|0x0000000084000000, 0x0000000084000000, 0x0000000084100000|  0%| F|  |TAMS 0x0000000084000000, 0x0000000084000000| Untracked 
|  39|0x0000000084100000, 0x0000000084100000, 0x0000000084200000|  0%| F|  |TAMS 0x0000000084100000, 0x0000000084100000| Untracked 
|  40|0x0000000084200000, 0x0000000084200000, 0x0000000084300000|  0%| F|  |TAMS 0x0000000084200000, 0x0000000084200000| Untracked 
|  41|0x0000000084300000, 0x0000000084300000, 0x0000000084400000|  0%| F|  |TAMS 0x0000000084300000, 0x0000000084300000| Untracked 
|  42|0x0000000084400000, 0x0000000084400000, 0x0000000084500000|  0%| F|  |TAMS 0x0000000084400000, 0x0000000084400000| Untracked 
|  43|0x0000000084500000, 0x0000000084500000, 0x0000000084600000|  0%| F|  |TAMS 0x0000000084500000, 0x0000000084500000| Untracked 
|  44|0x0000000084600000, 0x0000000084600000, 0x0000000084700000|  0%| F|  |TAMS 0x0000000084600000, 0x0000000084600000| Untracked 
|  45|0x0000000084700000, 0x0000000084700000, 0x0000000084800000|  0%| F|  |TAMS 0x0000000084700000, 0x0000000084700000| Untracked 
|  46|0x0000000084800000, 0x0000000084800000, 0x0000000084900000|  0%| F|  |TAMS 0x0000000084800000, 0x0000000084800000| Untracked 
|  47|0x0000000084900000, 0x0000000084900000, 0x0000000084a00000|  0%| F|  |TAMS 0x0000000084900000, 0x0000000084900000| Untracked 
|  48|0x0000000084a00000, 0x0000000084a00000, 0x0000000084b00000|  0%| F|  |TAMS 0x0000000084a00000, 0x0000000084a00000| Untracked 
|  49|0x0000000084b00000, 0x0000000084b00000, 0x0000000084c00000|  0%| F|  |TAMS 0x0000000084b00000, 0x0000000084b00000| Untracked 
|  50|0x0000000084c00000, 0x0000000084c00000, 0x0000000084d00000|  0%| F|  |TAMS 0x0000000084c00000, 0x0000000084c00000| Untracked 
|  51|0x0000000084d00000, 0x0000000084d00000, 0x0000000084e00000|  0%| F|  |TAMS 0x0000000084d00000, 0x0000000084d00000| Untracked 
|  52|0x0000000084e00000, 0x0000000084e00000, 0x0000000084f00000|  0%| F|  |TAMS 0x0000000084e00000, 0x0000000084e00000| Untracked 
|  53|0x0000000084f00000, 0x0000000084f00000, 0x0000000085000000|  0%| F|  |TAMS 0x0000000084f00000, 0x0000000084f00000| Untracked 
|  54|0x0000000085000000, 0x0000000085000000, 0x0000000085100000|  0%| F|  |TAMS 0x0000000085000000, 0x0000000085000000| Untracked 
|  55|0x0000000085100000, 0x0000000085100000, 0x0000000085200000|  0%| F|  |TAMS 0x0000000085100000, 0x0000000085100000| Untracked 
|  56|0x0000000085200000, 0x0000000085200000, 0x0000000085300000|  0%| F|  |TAMS 0x0000000085200000, 0x0000000085200000| Untracked 
|  57|0x0000000085300000, 0x0000000085300000, 0x0000000085400000|  0%| F|  |TAMS 0x0000000085300000, 0x0000000085300000| Untracked 
|  58|0x0000000085400000, 0x0000000085400000, 0x0000000085500000|  0%| F|  |TAMS 0x0000000085400000, 0x0000000085400000| Untracked 
|  59|0x0000000085500000, 0x0000000085500000, 0x0000000085600000|  0%| F|  |TAMS 0x0000000085500000, 0x0000000085500000| Untracked 
|  60|0x0000000085600000, 0x0000000085600000, 0x0000000085700000|  0%| F|  |TAMS 0x0000000085600000, 0x0000000085600000| Untracked 
|  61|0x0000000085700000, 0x0000000085700000, 0x0000000085800000|  0%| F|  |TAMS 0x0000000085700000, 0x0000000085700000| Untracked 
|  62|0x0000000085800000, 0x0000000085800000, 0x0000000085900000|  0%| F|  |TAMS 0x0000000085800000, 0x0000000085800000| Untracked 
|  63|0x0000000085900000, 0x0000000085900000, 0x0000000085a00000|  0%| F|  |TAMS 0x0000000085900000, 0x0000000085900000| Untracked 
|  64|0x0000000085a00000, 0x0000000085a00000, 0x0000000085b00000|  0%| F|  |TAMS 0x0000000085a00000, 0x0000000085a00000| Untracked 
|  65|0x0000000085b00000, 0x0000000085b00000, 0x0000000085c00000|  0%| F|  |TAMS 0x0000000085b00000, 0x0000000085b00000| Untracked 
|  66|0x0000000085c00000, 0x0000000085c00000, 0x0000000085d00000|  0%| F|  |TAMS 0x0000000085c00000, 0x0000000085c00000| Untracked 
|  67|0x0000000085d00000, 0x0000000085d00000, 0x0000000085e00000|  0%| F|  |TAMS 0x0000000085d00000, 0x0000000085d00000| Untracked 
|  68|0x0000000085e00000, 0x0000000085e00000, 0x0000000085f00000|  0%| F|  |TAMS 0x0000000085e00000, 0x0000000085e00000| Untracked 
|  69|0x0000000085f00000, 0x0000000085f00000, 0x0000000086000000|  0%| F|  |TAMS 0x0000000085f00000, 0x0000000085f00000| Untracked 
|  70|0x0000000086000000, 0x0000000086000000, 0x0000000086100000|  0%| F|  |TAMS 0x0000000086000000, 0x0000000086000000| Untracked 
|  71|0x0000000086100000, 0x0000000086100000, 0x0000000086200000|  0%| F|  |TAMS 0x0000000086100000, 0x0000000086100000| Untracked 
|  72|0x0000000086200000, 0x0000000086200000, 0x0000000086300000|  0%| F|  |TAMS 0x0000000086200000, 0x0000000086200000| Untracked 
|  73|0x0000000086300000, 0x0000000086300000, 0x0000000086400000|  0%| F|  |TAMS 0x0000000086300000, 0x0000000086300000| Untracked 
|  74|0x0000000086400000, 0x0000000086400000, 0x0000000086500000|  0%| F|  |TAMS 0x0000000086400000, 0x0000000086400000| Untracked 
|  75|0x0000000086500000, 0x0000000086500000, 0x0000000086600000|  0%| F|  |TAMS 0x0000000086500000, 0x0000000086500000| Untracked 
|  76|0x0000000086600000, 0x0000000086600000, 0x0000000086700000|  0%| F|  |TAMS 0x0000000086600000, 0x0000000086600000| Untracked 
|  77|0x0000000086700000, 0x0000000086700000, 0x0000000086800000|  0%| F|  |TAMS 0x0000000086700000, 0x0000000086700000| Untracked 
|  78|0x0000000086800000, 0x0000000086800000, 0x0000000086900000|  0%| F|  |TAMS 0x0000000086800000, 0x0000000086800000| Untracked 
|  79|0x0000000086900000, 0x0000000086900000, 0x0000000086a00000|  0%| F|  |TAMS 0x0000000086900000, 0x0000000086900000| Untracked 
|  80|0x0000000086a00000, 0x0000000086a00000, 0x0000000086b00000|  0%| F|  |TAMS 0x0000000086a00000, 0x0000000086a00000| Untracked 
|  81|0x0000000086b00000, 0x0000000086b00000, 0x0000000086c00000|  0%| F|  |TAMS 0x0000000086b00000, 0x0000000086b00000| Untracked 
|  82|0x0000000086c00000, 0x0000000086c00000, 0x0000000086d00000|  0%| F|  |TAMS 0x0000000086c00000, 0x0000000086c00000| Untracked 
|  83|0x0000000086d00000, 0x0000000086d00000, 0x0000000086e00000|  0%| F|  |TAMS 0x0000000086d00000, 0x0000000086d00000| Untracked 
|  84|0x0000000086e00000, 0x0000000086e00000, 0x0000000086f00000|  0%| F|  |TAMS 0x0000000086e00000, 0x0000000086e00000| Untracked 
|  85|0x0000000086f00000, 0x0000000086f00000, 0x0000000087000000|  0%| F|  |TAMS 0x0000000086f00000, 0x0000000086f00000| Untracked 
|  86|0x0000000087000000, 0x0000000087000000, 0x0000000087100000|  0%| F|  |TAMS 0x0000000087000000, 0x0000000087000000| Untracked 
|  87|0x0000000087100000, 0x0000000087100000, 0x0000000087200000|  0%| F|  |TAMS 0x0000000087100000, 0x0000000087100000| Untracked 
|  88|0x0000000087200000, 0x0000000087200000, 0x0000000087300000|  0%| F|  |TAMS 0x0000000087200000, 0x0000000087200000| Untracked 
|  89|0x0000000087300000, 0x0000000087300000, 0x0000000087400000|  0%| F|  |TAMS 0x0000000087300000, 0x0000000087300000| Untracked 
|  90|0x0000000087400000, 0x0000000087400000, 0x0000000087500000|  0%| F|  |TAMS 0x0000000087400000, 0x0000000087400000| Untracked 
|  91|0x0000000087500000, 0x0000000087500000, 0x0000000087600000|  0%| F|  |TAMS 0x0000000087500000, 0x0000000087500000| Untracked 
|  92|0x0000000087600000, 0x0000000087600000, 0x0000000087700000|  0%| F|  |TAMS 0x0000000087600000, 0x0000000087600000| Untracked 
|  93|0x0000000087700000, 0x0000000087700000, 0x0000000087800000|  0%| F|  |TAMS 0x0000000087700000, 0x0000000087700000| Untracked 
|  94|0x0000000087800000, 0x0000000087800000, 0x0000000087900000|  0%| F|  |TAMS 0x0000000087800000, 0x0000000087800000| Untracked 
|  95|0x0000000087900000, 0x0000000087900000, 0x0000000087a00000|  0%| F|  |TAMS 0x0000000087900000, 0x0000000087900000| Untracked 
|  96|0x0000000087a00000, 0x0000000087a00000, 0x0000000087b00000|  0%| F|  |TAMS 0x0000000087a00000, 0x0000000087a00000| Untracked 
|  97|0x0000000087b00000, 0x0000000087b00000, 0x0000000087c00000|  0%| F|  |TAMS 0x0000000087b00000, 0x0000000087b00000| Untracked 
|  98|0x0000000087c00000, 0x0000000087c00000, 0x0000000087d00000|  0%| F|  |TAMS 0x0000000087c00000, 0x0000000087c00000| Untracked 
|  99|0x0000000087d00000, 0x0000000087d00000, 0x0000000087e00000|  0%| F|  |TAMS 0x0000000087d00000, 0x0000000087d00000| Untracked 
| 100|0x0000000087e00000, 0x0000000087e00000, 0x0000000087f00000|  0%| F|  |TAMS 0x0000000087e00000, 0x0000000087e00000| Untracked 
| 101|0x0000000087f00000, 0x0000000087f00000, 0x0000000088000000|  0%| F|  |TAMS 0x0000000087f00000, 0x0000000087f00000| Untracked 
| 102|0x0000000088000000, 0x0000000088000000, 0x0000000088100000|  0%| F|  |TAMS 0x0000000088000000, 0x0000000088000000| Untracked 
| 103|0x0000000088100000, 0x0000000088100000, 0x0000000088200000|  0%| F|  |TAMS 0x0000000088100000, 0x0000000088100000| Untracked 
| 104|0x0000000088200000, 0x0000000088200000, 0x0000000088300000|  0%| F|  |TAMS 0x0000000088200000, 0x0000000088200000| Untracked 
| 105|0x0000000088300000, 0x0000000088300000, 0x0000000088400000|  0%| F|  |TAMS 0x0000000088300000, 0x0000000088300000| Untracked 
| 106|0x0000000088400000, 0x0000000088400000, 0x0000000088500000|  0%| F|  |TAMS 0x0000000088400000, 0x0000000088400000| Untracked 
| 107|0x0000000088500000, 0x0000000088500000, 0x0000000088600000|  0%| F|  |TAMS 0x0000000088500000, 0x0000000088500000| Untracked 
| 108|0x0000000088600000, 0x0000000088600000, 0x0000000088700000|  0%| F|  |TAMS 0x0000000088600000, 0x0000000088600000| Untracked 
| 109|0x0000000088700000, 0x0000000088700000, 0x0000000088800000|  0%| F|  |TAMS 0x0000000088700000, 0x0000000088700000| Untracked 
| 110|0x0000000088800000, 0x0000000088800000, 0x0000000088900000|  0%| F|  |TAMS 0x0000000088800000, 0x0000000088800000| Untracked 
| 111|0x0000000088900000, 0x0000000088900000, 0x0000000088a00000|  0%| F|  |TAMS 0x0000000088900000, 0x0000000088900000| Untracked 
| 112|0x0000000088a00000, 0x0000000088a00000, 0x0000000088b00000|  0%| F|  |TAMS 0x0000000088a00000, 0x0000000088a00000| Untracked 
| 113|0x0000000088b00000, 0x0000000088c00000, 0x0000000088c00000|100%| S|CS|TAMS 0x0000000088b00000, 0x0000000088b00000| Complete 
| 114|0x0000000088c00000, 0x0000000088d00000, 0x0000000088d00000|100%| S|CS|TAMS 0x0000000088c00000, 0x0000000088c00000| Complete 
| 115|0x0000000088d00000, 0x0000000088d00000, 0x0000000088e00000|  0%| F|  |TAMS 0x0000000088d00000, 0x0000000088d00000| Untracked 
| 116|0x0000000088e00000, 0x0000000088e00000, 0x0000000088f00000|  0%| F|  |TAMS 0x0000000088e00000, 0x0000000088e00000| Untracked 
| 117|0x0000000088f00000, 0x0000000088f00000, 0x0000000089000000|  0%| F|  |TAMS 0x0000000088f00000, 0x0000000088f00000| Untracked 
| 118|0x0000000089000000, 0x000000008904ab90, 0x0000000089100000| 29%| E|  |TAMS 0x0000000089000000, 0x0000000089000000| Complete 
| 119|0x0000000089100000, 0x0000000089200000, 0x0000000089200000|100%| E|  |TAMS 0x0000000089100000, 0x0000000089100000| Complete 
| 120|0x0000000089200000, 0x0000000089300000, 0x0000000089300000|100%| E|CS|TAMS 0x0000000089200000, 0x0000000089200000| Complete 
| 121|0x0000000089300000, 0x0000000089400000, 0x0000000089400000|100%| E|CS|TAMS 0x0000000089300000, 0x0000000089300000| Complete 
| 122|0x0000000089400000, 0x0000000089500000, 0x0000000089500000|100%| E|CS|TAMS 0x0000000089400000, 0x0000000089400000| Complete 
| 123|0x0000000089500000, 0x0000000089600000, 0x0000000089600000|100%| E|CS|TAMS 0x0000000089500000, 0x0000000089500000| Complete 
| 124|0x0000000089600000, 0x0000000089700000, 0x0000000089700000|100%| E|CS|TAMS 0x0000000089600000, 0x0000000089600000| Complete 
| 125|0x0000000089700000, 0x0000000089800000, 0x0000000089800000|100%| E|CS|TAMS 0x0000000089700000, 0x0000000089700000| Complete 
| 126|0x0000000089800000, 0x0000000089900000, 0x0000000089900000|100%| E|CS|TAMS 0x0000000089800000, 0x0000000089800000| Complete 
| 127|0x0000000089900000, 0x0000000089a00000, 0x0000000089a00000|100%| E|CS|TAMS 0x0000000089900000, 0x0000000089900000| Complete 

Card table byte_map: [0x0000019e79810000,0x0000019e79c10000] _byte_map_base: 0x0000019e79403000

Marking Bits (Prev, Next): (CMBitMap*) 0x0000019e793a1e00, (CMBitMap*) 0x0000019e793a1e40
 Prev Bits: [0x0000019e7a010000, 0x0000019e7bfa8000)
 Next Bits: [0x0000019e7bfb0000, 0x0000019e7df48000)

Polling page: 0x0000019e774e0000

Metaspace:

Usage:
  Non-class:     13.05 MB used.
      Class:      1.60 MB used.
       Both:     14.65 MB used.

Virtual space:
  Non-class space:       64.00 MB reserved,      13.19 MB ( 21%) committed,  1 nodes.
      Class space:        1.00 GB reserved,       1.69 MB ( <1%) committed,  1 nodes.
             Both:        1.06 GB reserved,      14.88 MB (  1%) committed. 

Chunk freelists:
   Non-Class:  2.44 MB
       Class:  2.15 MB
        Both:  4.59 MB

MaxMetaspaceSize: unlimited
CompressedClassSpaceSize: 1.00 GB
Initial GC threshold: 21.00 MB
Current GC threshold: 21.00 MB
CDS: on
MetaspaceReclaimPolicy: balanced
 - commit_granule_bytes: 65536.
 - commit_granule_words: 8192.
 - virtual_space_node_default_size: 8388608.
 - enlarge_chunks_in_place: 1.
 - new_chunks_are_fully_committed: 0.
 - uncommit_free_chunks: 1.
 - use_allocation_guard: 0.


Internal statistics:

num_allocs_failed_limit: 0.
num_arena_births: 198.
num_arena_deaths: 0.
num_vsnodes_births: 2.
num_vsnodes_deaths: 0.
num_space_committed: 238.
num_space_uncommitted: 0.
num_chunks_returned_to_freelist: 0.
num_chunks_taken_from_freelist: 367.
num_chunk_merges: 0.
num_chunk_splits: 242.
num_chunks_enlarged: 165.
num_inconsistent_stats: 0.

CodeHeap 'non-profiled nmethods': size=120000Kb used=605Kb max_used=605Kb free=119394Kb
 bounds [0x0000019e0f970000, 0x0000019e0fbe0000, 0x0000019e16ea0000]
CodeHeap 'profiled nmethods': size=120000Kb used=3119Kb max_used=3119Kb free=116880Kb
 bounds [0x0000019e07ea0000, 0x0000019e081b0000, 0x0000019e0f3d0000]
CodeHeap 'non-nmethods': size=5760Kb used=1443Kb max_used=1475Kb free=4317Kb
 bounds [0x0000019e0f3d0000, 0x0000019e0f640000, 0x0000019e0f970000]
 total_blobs=2521 nmethods=1810 adapters=621
 compilation: enabled
              stopped_count=0, restarted_count=0
 full_count=0

Compilation events (20 events):
Event: 18.129 Thread 0x0000019e17371ec0 1801       3       java.util.concurrent.locks.AbstractQueuedSynchronizer$ConditionObject::enableWait (84 bytes)
Event: 18.130 Thread 0x0000019e17371ec0 nmethod 1801 0x0000019e081a8090 code [0x0000019e081a82c0, 0x0000019e081a8a08]
Event: 18.145 Thread 0x0000019e17368f20 nmethod 1797 0x0000019e0fa06610 code [0x0000019e0fa067e0, 0x0000019e0fa06f18]
Event: 27.801 Thread 0x0000019e17371ec0 1802       3       jdk.internal.misc.Unsafe::putIntOpaque (9 bytes)
Event: 27.801 Thread 0x0000019e17371ec0 nmethod 1802 0x0000019e081a8c90 code [0x0000019e081a8e20, 0x0000019e081a8f38]
Event: 47.846 Thread 0x0000019e17371ec0 1804       3       jdk.internal.loader.BuiltinClassLoader::hasClassPath (13 bytes)
Event: 47.846 Thread 0x0000019e17371ec0 nmethod 1804 0x0000019e081a9010 code [0x0000019e081a91a0, 0x0000019e081a9318]
Event: 62.301 Thread 0x0000019e17371ec0 1805       3       sun.awt.image.SunVolatileImage::createGraphics (27 bytes)
Event: 62.301 Thread 0x0000019e17368f20 1808 %     4       sun.java2d.marlin.Renderer::_endRendering @ 256 (2480 bytes)
Event: 62.302 Thread 0x0000019e17371ec0 nmethod 1805 0x0000019e081a9390 code [0x0000019e081a95a0, 0x0000019e081a9cd8]
Event: 62.302 Thread 0x0000019e17371ec0 1806       3       sun.awt.image.SunVolatileImage::getForeground (19 bytes)
Event: 62.302 Thread 0x0000019e17371ec0 nmethod 1806 0x0000019e081a9f90 code [0x0000019e081aa160, 0x0000019e081aa6a8]
Event: 62.302 Thread 0x0000019e17371ec0 1807       3       sun.awt.image.SunVolatileImage::getBackground (19 bytes)
Event: 62.302 Thread 0x0000019e17371ec0 nmethod 1807 0x0000019e081aa810 code [0x0000019e081aa9c0, 0x0000019e081aac08]
Event: 62.302 Thread 0x0000019e17371ec0 1810       3       sun.java2d.pipe.Region::getWidth (32 bytes)
Event: 62.302 Thread 0x0000019e17371ec0 nmethod 1810 0x0000019e081aad10 code [0x0000019e081aaec0, 0x0000019e081ab078]
Event: 62.302 Thread 0x0000019e17371ec0 1812       3       sun.java2d.marlin.Renderer::curveTo (84 bytes)
Event: 62.303 Thread 0x0000019e17371ec0 nmethod 1812 0x0000019e081ab110 code [0x0000019e081ab380, 0x0000019e081ab818]
Event: 62.303 Thread 0x0000019e17371ec0 1811       3       sun.java2d.pipe.Region::getHeight (32 bytes)
Event: 62.303 Thread 0x0000019e17371ec0 nmethod 1811 0x0000019e081abb90 code [0x0000019e081abd40, 0x0000019e081abef8]

GC Heap History (2 events):
Event: 12.823 GC heap before
{Heap before GC invocations=0 (full 0):
 garbage-first heap   total 131072K, used 13312K [0x0000000081a00000, 0x0000000100000000)
  region size 1024K, 13 young (13312K), 0 survivors (0K)
 Metaspace       used 10823K, committed 11136K, reserved 1114112K
  class space    used 1209K, committed 1344K, reserved 1048576K
}
Event: 12.827 GC heap after
{Heap after GC invocations=1 (full 0):
 garbage-first heap   total 131072K, used 3676K [0x0000000081a00000, 0x0000000100000000)
  region size 1024K, 2 young (2048K), 2 survivors (2048K)
 Metaspace       used 10823K, committed 11136K, reserved 1114112K
  class space    used 1209K, committed 1344K, reserved 1048576K
}

Dll operation events (10 events):
Event: 0.005 Loaded shared library C:\Program Files\Java\jdk-19\bin\java.dll
Event: 0.012 Loaded shared library C:\Program Files\Java\jdk-19\bin\jsvml.dll
Event: 0.050 Loaded shared library C:\Program Files\Java\jdk-19\bin\net.dll
Event: 0.051 Loaded shared library C:\Program Files\Java\jdk-19\bin\nio.dll
Event: 0.068 Loaded shared library C:\Program Files\Java\jdk-19\bin\zip.dll
Event: 0.078 Loaded shared library C:\Program Files\Java\jdk-19\bin\jimage.dll
Event: 0.089 Loaded shared library C:\Program Files\Java\jdk-19\bin\awt.dll
Event: 0.186 Loaded shared library C:\Program Files\Java\jdk-19\bin\freetype.dll
Event: 0.186 Loaded shared library C:\Program Files\Java\jdk-19\bin\fontmanager.dll
Event: 12.899 Loaded shared library C:\Program Files\Java\jdk-19\bin\extnet.dll

Deoptimization events (20 events):
Event: 15.731 Thread 0x0000019e1b5e5460 DEOPT PACKING pc=0x0000019e0f9f69f8 sp=0x0000008a667fd030
Event: 15.731 Thread 0x0000019e1b5e5460 DEOPT UNPACKING pc=0x0000019e0f436da3 sp=0x0000008a667fcfe8 mode 2
Event: 15.731 Thread 0x0000019e1b5e5460 Uncommon trap: trap_request=0xffffffbe fr.pc=0x0000019e0f9f889c relative=0x000000000000063c
Event: 15.731 Thread 0x0000019e1b5e5460 Uncommon trap: reason=profile_predicate action=maybe_recompile pc=0x0000019e0f9f889c method=java.awt.LinearGradientPaintContext.fillRaster([IIIIIII)V @ 53 c2
Event: 15.731 Thread 0x0000019e1b5e5460 DEOPT PACKING pc=0x0000019e0f9f889c sp=0x0000008a667fd060
Event: 15.731 Thread 0x0000019e1b5e5460 DEOPT UNPACKING pc=0x0000019e0f436da3 sp=0x0000008a667fcfd8 mode 2
Event: 15.731 Thread 0x0000019e1b5e5460 Uncommon trap: trap_request=0xffffffbe fr.pc=0x0000019e0f9f69f8 relative=0x0000000000000898
Event: 15.731 Thread 0x0000019e1b5e5460 Uncommon trap: reason=profile_predicate action=maybe_recompile pc=0x0000019e0f9f69f8 method=java.awt.LinearGradientPaintContext.fillRaster([IIIIIII)V @ 50 c2
Event: 15.731 Thread 0x0000019e1b5e5460 DEOPT PACKING pc=0x0000019e0f9f69f8 sp=0x0000008a667fd030
Event: 15.731 Thread 0x0000019e1b5e5460 DEOPT UNPACKING pc=0x0000019e0f436da3 sp=0x0000008a667fcfe8 mode 2
Event: 15.731 Thread 0x0000019e1b5e5460 Uncommon trap: trap_request=0xffffffbe fr.pc=0x0000019e0f9f889c relative=0x000000000000063c
Event: 15.731 Thread 0x0000019e1b5e5460 Uncommon trap: reason=profile_predicate action=maybe_recompile pc=0x0000019e0f9f889c method=java.awt.LinearGradientPaintContext.fillRaster([IIIIIII)V @ 53 c2
Event: 15.731 Thread 0x0000019e1b5e5460 DEOPT PACKING pc=0x0000019e0f9f889c sp=0x0000008a667fd060
Event: 15.731 Thread 0x0000019e1b5e5460 DEOPT UNPACKING pc=0x0000019e0f436da3 sp=0x0000008a667fcfd8 mode 2
Event: 15.731 Thread 0x0000019e1b5e5460 DEOPT PACKING pc=0x0000019e07ffaa77 sp=0x0000008a667fd1d0
Event: 15.731 Thread 0x0000019e1b5e5460 DEOPT UNPACKING pc=0x0000019e0f437543 sp=0x0000008a667fc5f0 mode 0
Event: 15.731 Thread 0x0000019e1b5e5460 DEOPT PACKING pc=0x0000019e08098005 sp=0x0000008a667fcee0
Event: 15.732 Thread 0x0000019e1b5e5460 DEOPT UNPACKING pc=0x0000019e0f437543 sp=0x0000008a667fc330 mode 0
Event: 62.302 Thread 0x0000019e1b5e5460 DEOPT PACKING pc=0x0000019e08098005 sp=0x0000008a667fcee0
Event: 62.302 Thread 0x0000019e1b5e5460 DEOPT UNPACKING pc=0x0000019e0f437543 sp=0x0000008a667fc330 mode 0

Classes loaded (20 events):
Event: 13.098 Loading class java/awt/WaitDispatchSupport$1
Event: 13.098 Loading class java/awt/WaitDispatchSupport$1 done
Event: 13.098 Loading class java/awt/WaitDispatchSupport$2
Event: 13.098 Loading class java/awt/WaitDispatchSupport$2 done
Event: 13.098 Loading class java/awt/WaitDispatchSupport$4
Event: 13.098 Loading class java/awt/WaitDispatchSupport$4 done
Event: 13.100 Loading class javax/swing/plaf/synth/SynthGraphicsUtils$SynthIconWrapper
Event: 13.100 Loading class javax/swing/plaf/synth/SynthGraphicsUtils$SynthIconWrapper done
Event: 13.101 Loading class javax/swing/plaf/nimbus/OptionPanePainter
Event: 13.101 Loading class javax/swing/plaf/nimbus/OptionPanePainter done
Event: 13.101 Loading class java/awt/geom/EllipseIterator
Event: 13.101 Loading class java/awt/geom/EllipseIterator done
Event: 15.721 Loading class java/awt/KeyboardFocusManager$2
Event: 15.721 Loading class java/awt/KeyboardFocusManager$2 done
Event: 15.721 Loading class sun/awt/SunToolkit$1
Event: 15.722 Loading class sun/awt/SunToolkit$1 done
Event: 15.724 Loading class java/awt/Window$1DisposeAction
Event: 15.725 Loading class java/awt/Window$1DisposeAction done
Event: 15.726 Loading class javax/swing/text/GapContent$UndoPosRef
Event: 15.726 Loading class javax/swing/text/GapContent$UndoPosRef done

Classes unloaded (0 events):
No events

Classes redefined (0 events):
No events

Internal exceptions (20 events):
Event: 0.234 Thread 0x0000019e1b5e5460 Exception <a 'java/lang/ClassNotFoundException'{0x00000000894dcbb0}: com/sun/swing/internal/plaf/synth/resources/spi/synthProvider> (0x00000000894dcbb0) 
thrown [s\open\src\hotspot\share\classfile\systemDictionary.cpp, line 255]
Event: 0.246 Thread 0x0000019e1b5e5460 Exception <a 'java/lang/NoSuchMethodError'{0x0000000089320e80}: 'int java.lang.invoke.Invokers$Holder.invokeExact_MT(java.lang.Object, java.lang.Object)'> (0x0000000089320e80) 
thrown [s\open\src\hotspot\share\interpreter\linkResolver.cpp, line 774]
Event: 0.249 Thread 0x0000019e1b5e5460 Exception <a 'java/lang/NoSuchMethodError'{0x0000000089327018}: 'java.lang.Object java.lang.invoke.DirectMethodHandle$Holder.newInvokeSpecial(java.lang.Object, java.lang.Object, int)'> (0x0000000089327018) 
thrown [s\open\src\hotspot\share\interpreter\linkResolver.cpp, line 774]
Event: 0.249 Thread 0x0000019e1b5e5460 Exception <a 'java/lang/NoSuchMethodError'{0x000000008932c260}: 'int java.lang.invoke.DirectMethodHandle$Holder.invokeSpecial(java.lang.Object, java.lang.Object, java.lang.Object, int)'> (0x000000008932c260) 
thrown [s\open\src\hotspot\share\interpreter\linkResolver.cpp, line 774]
Event: 0.251 Thread 0x0000019e1b5e5460 Exception <a 'java/lang/NoSuchMethodError'{0x000000008933eb60}: 'java.lang.Object java.lang.invoke.DirectMethodHandle$Holder.invokeStatic(java.lang.Object, java.lang.Object, java.lang.Object, java.lang.Object, int)'> (0x000000008933eb60) 
thrown [s\open\src\hotspot\share\interpreter\linkResolver.cpp, line 774]
Event: 0.252 Thread 0x0000019e1b5e5460 Exception <a 'java/lang/NoSuchMethodError'{0x000000008934ada8}: 'int java.lang.invoke.DirectMethodHandle$Holder.invokeSpecial(java.lang.Object, java.lang.Object, java.lang.Object)'> (0x000000008934ada8) 
thrown [s\open\src\hotspot\share\interpreter\linkResolver.cpp, line 774]
Event: 0.280 Thread 0x0000019e1b5e3480 Exception <a 'java/lang/NoSuchMethodError'{0x00000000896d7800}: 'void java.lang.invoke.DirectMethodHandle$Holder.invokeVirtual(java.lang.Object, java.lang.Object)'> (0x00000000896d7800) 
thrown [s\open\src\hotspot\share\interpreter\linkResolver.cpp, line 774]
Event: 0.290 Thread 0x0000019e1b5e5460 Exception <a 'java/lang/NoSuchMethodError'{0x00000000893aa048}: 'void java.lang.invoke.DirectMethodHandle$Holder.invokeStaticInit(java.lang.Object)'> (0x00000000893aa048) 
thrown [s\open\src\hotspot\share\interpreter\linkResolver.cpp, line 774]
Event: 12.810 Thread 0x0000019e1b5e5460 Exception <a 'java/lang/NoSuchMethodError'{0x0000000088d9e7e0}: 'java.lang.Object java.lang.invoke.DirectMethodHandle$Holder.invokeInterface(java.lang.Object, java.lang.Object)'> (0x0000000088d9e7e0) 
thrown [s\open\src\hotspot\share\interpreter\linkResolver.cpp, line 774]
Event: 12.833 Thread 0x0000019e1b5e5460 Exception <a 'java/lang/NoSuchMethodError'{0x0000000089926750}: 'void java.lang.invoke.DirectMethodHandle$Holder.invokeStatic(java.lang.Object, java.lang.Object, java.lang.Object)'> (0x0000000089926750) 
thrown [s\open\src\hotspot\share\interpreter\linkResolver.cpp, line 774]
Event: 12.834 Thread 0x0000019e1b5e5460 Exception <a 'java/lang/NoSuchMethodError'{0x0000000089985310}: 'java.lang.Object java.lang.invoke.DirectMethodHandle$Holder.invokeVirtual(java.lang.Object, java.lang.Object, java.lang.Object)'> (0x0000000089985310) 
thrown [s\open\src\hotspot\share\interpreter\linkResolver.cpp, line 774]
Event: 12.900 Thread 0x0000019e1b5e5460 Exception <a 'java/lang/NoSuchMethodError'{0x0000000089517470}: 'void java.lang.invoke.DirectMethodHandle$Holder.invokeStatic(java.lang.Object, java.lang.Object)'> (0x0000000089517470) 
thrown [s\open\src\hotspot\share\interpreter\linkResolver.cpp, line 774]
Event: 13.067 Thread 0x0000019e1b5e5460 Exception <a 'java/lang/NoSuchMethodError'{0x00000000891112e0}: 'void java.lang.invoke.DirectMethodHandle$Holder.invokeStaticInit(java.lang.Object, java.lang.Object)'> (0x00000000891112e0) 
thrown [s\open\src\hotspot\share\interpreter\linkResolver.cpp, line 774]
Event: 13.069 Thread 0x0000019e1b5e5460 Exception <a 'java/lang/NoSuchMethodError'{0x0000000089127330}: 'void java.lang.invoke.DirectMethodHandle$Holder.invokeInterface(java.lang.Object, java.lang.Object)'> (0x0000000089127330) 
thrown [s\open\src\hotspot\share\interpreter\linkResolver.cpp, line 774]
Event: 13.098 Thread 0x0000019e1b5e5460 Exception <a 'java/lang/NoSuchMethodError'{0x00000000891512e0}: 'int java.lang.invoke.DirectMethodHandle$Holder.invokeStatic(java.lang.Object)'> (0x00000000891512e0) 
thrown [s\open\src\hotspot\share\interpreter\linkResolver.cpp, line 774]
Event: 15.731 Thread 0x0000019e1b5e5460 Implicit null exception at 0x0000019e0f9f8350 to 0x0000019e0f9f8863
Event: 15.731 Thread 0x0000019e1b5e5460 Implicit null exception at 0x0000019e0f9f622f to 0x0000019e0f9f69a9
Event: 15.731 Thread 0x0000019e1b5e5460 Implicit null exception at 0x0000019e0f9f8350 to 0x0000019e0f9f8863
Event: 15.731 Thread 0x0000019e1b5e5460 Implicit null exception at 0x0000019e0f9f622f to 0x0000019e0f9f69a9
Event: 15.731 Thread 0x0000019e1b5e5460 Implicit null exception at 0x0000019e0f9f8350 to 0x0000019e0f9f8863

VM Operations (20 events):
Event: 12.797 Executing VM operation: HandshakeAllThreads
Event: 12.797 Executing VM operation: HandshakeAllThreads done
Event: 12.797 Executing VM operation: Cleanup
Event: 12.797 Executing VM operation: Cleanup done
Event: 12.823 Executing VM operation: G1CollectForAllocation
Event: 12.827 Executing VM operation: G1CollectForAllocation done
Event: 12.889 Executing VM operation: HandshakeAllThreads
Event: 12.889 Executing VM operation: HandshakeAllThreads done
Event: 12.976 Executing VM operation: HandshakeAllThreads
Event: 12.976 Executing VM operation: HandshakeAllThreads done
Event: 13.977 Executing VM operation: Cleanup
Event: 13.977 Executing VM operation: Cleanup done
Event: 14.983 Executing VM operation: Cleanup
Event: 14.983 Executing VM operation: Cleanup done
Event: 15.995 Executing VM operation: Cleanup
Event: 15.995 Executing VM operation: Cleanup done
Event: 16.995 Executing VM operation: Cleanup
Event: 16.995 Executing VM operation: Cleanup done
Event: 19.016 Executing VM operation: Cleanup
Event: 19.016 Executing VM operation: Cleanup done

Events (20 events):
Event: 0.022 Thread 0x0000019e1735a280 Thread added: 0x0000019e1735a280
Event: 0.022 Thread 0x0000019e1735b5b0 Thread added: 0x0000019e1735b5b0
Event: 0.022 Thread 0x0000019e1735bee0 Thread added: 0x0000019e1735bee0
Event: 0.023 Thread 0x0000019e1735ca20 Thread added: 0x0000019e1735ca20
Event: 0.023 Thread 0x0000019e1735fab0 Thread added: 0x0000019e1735fab0
Event: 0.023 Thread 0x0000019e17368f20 Thread added: 0x0000019e17368f20
Event: 0.023 Thread 0x0000019e17371ec0 Thread added: 0x0000019e17371ec0
Event: 0.023 Thread 0x0000019e17366a60 Thread added: 0x0000019e17366a60
Event: 0.041 Thread 0x0000019e1b5e29e0 Thread added: 0x0000019e1b5e29e0
Event: 0.064 Thread 0x0000019e1b5e39d0 Thread added: 0x0000019e1b5e39d0
Event: 0.130 Thread 0x0000019e1b5e2490 Thread added: 0x0000019e1b5e2490
Event: 0.131 Thread 0x0000019e1b5e2f30 Thread added: 0x0000019e1b5e2f30
Event: 0.131 Thread 0x0000019e1b5e3480 Thread added: 0x0000019e1b5e3480
Event: 0.226 Thread 0x0000019e1b5e5460 Thread added: 0x0000019e1b5e5460
Event: 0.226 Thread 0x0000019e793421b0 Thread exited: 0x0000019e793421b0
Event: 0.226 Thread 0x0000019e1b5e4f10 Thread added: 0x0000019e1b5e4f10
Event: 0.384 Thread 0x0000019e1d25a5a0 Thread added: 0x0000019e1d25a5a0
Event: 12.784 Thread 0x0000019e1d2585c0 Thread added: 0x0000019e1d2585c0
Event: 12.831 Thread 0x0000019e1d2a08f0 Thread added: 0x0000019e1d2a08f0
Event: 13.986 Thread 0x0000019e1d2a08f0 Thread exited: 0x0000019e1d2a08f0


Dynamic libraries:
0x00007ff789190000 - 0x00007ff7891a0000 	C:\Program Files\Java\jdk-19\bin\java.exe
0x00007ffb25950000 - 0x00007ffb25b48000 	C:\WINDOWS\SYSTEM32\ntdll.dll
0x00007ffb239e0000 - 0x00007ffb23aa2000 	C:\WINDOWS\System32\KERNEL32.DLL
0x00007ffb232e0000 - 0x00007ffb235df000 	C:\WINDOWS\System32\KERNELBASE.dll
0x00007ffb230d0000 - 0x00007ffb231d0000 	C:\WINDOWS\System32\ucrtbase.dll
0x00007ffb1c740000 - 0x00007ffb1c75b000 	C:\Program Files\Java\jdk-19\bin\VCRUNTIME140.dll
0x00007ffb03870000 - 0x00007ffb03888000 	C:\Program Files\Java\jdk-19\bin\jli.dll
0x00007ffb246d0000 - 0x00007ffb2477f000 	C:\WINDOWS\System32\ADVAPI32.dll
0x00007ffb25200000 - 0x00007ffb2529e000 	C:\WINDOWS\System32\msvcrt.dll
0x00007ffb24810000 - 0x00007ffb248af000 	C:\WINDOWS\System32\sechost.dll
0x00007ffb24510000 - 0x00007ffb24633000 	C:\WINDOWS\System32\RPCRT4.dll
0x00007ffb22ff0000 - 0x00007ffb23017000 	C:\WINDOWS\System32\bcrypt.dll
0x00007ffb24920000 - 0x00007ffb24abd000 	C:\WINDOWS\System32\USER32.dll
0x00007ffb177e0000 - 0x00007ffb17a7a000 	C:\WINDOWS\WinSxS\amd64_microsoft.windows.common-controls_6595b64144ccf1df_6.0.19041.4355_none_60b8b9eb71f62e16\COMCTL32.dll
0x00007ffb231d0000 - 0x00007ffb231f2000 	C:\WINDOWS\System32\win32u.dll
0x00007ffb24480000 - 0x00007ffb244ab000 	C:\WINDOWS\System32\GDI32.dll
0x00007ffb23680000 - 0x00007ffb2379a000 	C:\WINDOWS\System32\gdi32full.dll
0x00007ffb235e0000 - 0x00007ffb2367d000 	C:\WINDOWS\System32\msvcp_win.dll
0x00007ffb17f20000 - 0x00007ffb17f2a000 	C:\WINDOWS\SYSTEM32\VERSION.dll
0x00007ffb250a0000 - 0x00007ffb250cf000 	C:\WINDOWS\System32\IMM32.DLL
0x00007ffb20460000 - 0x00007ffb2046c000 	C:\Program Files\Java\jdk-19\bin\vcruntime140_1.dll
0x00007ffb105b0000 - 0x00007ffb1063e000 	C:\Program Files\Java\jdk-19\bin\msvcp140.dll
0x00007ffae5d60000 - 0x00007ffae6a20000 	C:\Program Files\Java\jdk-19\bin\server\jvm.dll
0x00007ffb15f00000 - 0x00007ffb15f27000 	C:\WINDOWS\SYSTEM32\WINMM.dll
0x00007ffb20680000 - 0x00007ffb20689000 	C:\WINDOWS\SYSTEM32\WSOCK32.dll
0x00007ffb248b0000 - 0x00007ffb2491b000 	C:\WINDOWS\System32\WS2_32.dll
0x00007ffb20e90000 - 0x00007ffb20ea2000 	C:\WINDOWS\SYSTEM32\kernel.appcore.dll
0x00007ffb20400000 - 0x00007ffb2040a000 	C:\Program Files\Java\jdk-19\bin\jimage.dll
0x00007ffb11a10000 - 0x00007ffb11bf4000 	C:\WINDOWS\SYSTEM32\DBGHELP.DLL
0x00007ffb11140000 - 0x00007ffb11174000 	C:\WINDOWS\SYSTEM32\dbgcore.DLL
0x00007ffb23250000 - 0x00007ffb232d2000 	C:\WINDOWS\System32\bcryptPrimitives.dll
0x00007ffb18e40000 - 0x00007ffb18e66000 	C:\Program Files\Java\jdk-19\bin\java.dll
0x00007ffaff8d0000 - 0x00007ffaff9a7000 	C:\Program Files\Java\jdk-19\bin\jsvml.dll
0x00007ffb23ab0000 - 0x00007ffb2421d000 	C:\WINDOWS\System32\SHELL32.dll
0x00007ffb21090000 - 0x00007ffb21834000 	C:\WINDOWS\SYSTEM32\windows.storage.dll
0x00007ffb24ac0000 - 0x00007ffb24e15000 	C:\WINDOWS\System32\combase.dll
0x00007ffb22950000 - 0x00007ffb2297b000 	C:\WINDOWS\SYSTEM32\Wldp.dll
0x00007ffb24e20000 - 0x00007ffb24eed000 	C:\WINDOWS\System32\OLEAUT32.dll
0x00007ffb25780000 - 0x00007ffb2582d000 	C:\WINDOWS\System32\SHCORE.dll
0x00007ffb23970000 - 0x00007ffb239c5000 	C:\WINDOWS\System32\shlwapi.dll
0x00007ffb22f20000 - 0x00007ffb22f45000 	C:\WINDOWS\SYSTEM32\profapi.dll
0x00007ffb1b540000 - 0x00007ffb1b553000 	C:\Program Files\Java\jdk-19\bin\net.dll
0x00007ffb1b5e0000 - 0x00007ffb1b6ea000 	C:\WINDOWS\SYSTEM32\WINHTTP.dll
0x00007ffb226b0000 - 0x00007ffb2271c000 	C:\WINDOWS\system32\mswsock.dll
0x00007ffb1b500000 - 0x00007ffb1b516000 	C:\Program Files\Java\jdk-19\bin\nio.dll
0x00007ffb19570000 - 0x00007ffb19588000 	C:\Program Files\Java\jdk-19\bin\zip.dll
0x00007ffaef5b0000 - 0x00007ffaef741000 	C:\Program Files\Java\jdk-19\bin\awt.dll
0x00007ffb20130000 - 0x00007ffb201c4000 	C:\WINDOWS\SYSTEM32\apphelp.dll
0x00007ffb209a0000 - 0x00007ffb20a3e000 	C:\WINDOWS\system32\uxtheme.dll
0x00007ffb242b0000 - 0x00007ffb243c5000 	C:\WINDOWS\System32\MSCTF.dll
0x00007ffb250d0000 - 0x00007ffb251fb000 	C:\WINDOWS\System32\ole32.dll
0x00007ffb20cb0000 - 0x00007ffb20cdf000 	C:\WINDOWS\system32\DWMAPI.DLL
0x00007ffb104b0000 - 0x00007ffb10536000 	C:\Program Files\Java\jdk-19\bin\freetype.dll
0x00007ffaf3390000 - 0x00007ffaf3456000 	C:\Program Files\Java\jdk-19\bin\fontmanager.dll
0x00007ffb056e0000 - 0x00007ffb05808000 	C:\WINDOWS\system32\opengl32.dll
0x00007ffb0e6d0000 - 0x00007ffb0e6fc000 	C:\WINDOWS\SYSTEM32\GLU32.dll
0x00007ffb243d0000 - 0x00007ffb24479000 	C:\WINDOWS\System32\clbcatq.dll
0x00007ffb20790000 - 0x00007ffb20944000 	C:\WINDOWS\SYSTEM32\WindowsCodecs.dll
0x00007ffb09f80000 - 0x00007ffb09fbe000 	C:\WINDOWS\system32\dataexchange.dll
0x00007ffb1e7c0000 - 0x00007ffb1e9a4000 	C:\WINDOWS\system32\dcomp.dll
0x00007ffb1dee0000 - 0x00007ffb1e143000 	C:\WINDOWS\system32\d3d11.dll
0x00007ffb21880000 - 0x00007ffb21976000 	C:\WINDOWS\system32\dxgi.dll
0x00007ffb1e9b0000 - 0x00007ffb1ebb3000 	C:\WINDOWS\system32\twinapi.appcore.dll
0x00007ffb1ab00000 - 0x00007ffb1abf9000 	C:\WINDOWS\SYSTEM32\textinputframework.dll
0x00007ffb1f540000 - 0x00007ffb1f89b000 	C:\WINDOWS\System32\CoreUIComponents.dll
0x00007ffb1f9c0000 - 0x00007ffb1fab2000 	C:\WINDOWS\System32\CoreMessaging.dll
0x00007ffb22220000 - 0x00007ffb22253000 	C:\WINDOWS\SYSTEM32\ntmarta.dll
0x00007ffb20260000 - 0x00007ffb203b7000 	C:\WINDOWS\SYSTEM32\wintypes.dll
0x00007ffb223d0000 - 0x00007ffb2249a000 	C:\WINDOWS\SYSTEM32\DNSAPI.dll
0x00007ffb22390000 - 0x00007ffb223cb000 	C:\WINDOWS\SYSTEM32\IPHLPAPI.DLL
0x00007ffb24220000 - 0x00007ffb24228000 	C:\WINDOWS\System32\NSI.dll
0x00007ffb17f80000 - 0x00007ffb17f8a000 	C:\Windows\System32\rasadhlp.dll
0x00007ffb19600000 - 0x00007ffb19680000 	C:\WINDOWS\System32\fwpuclnt.dll
0x00007ffb1c6c0000 - 0x00007ffb1c6c8000 	C:\Program Files\Java\jdk-19\bin\extnet.dll

dbghelp: loaded successfully - version: 4.0.5 - missing functions: none
symbol engine: initialized successfully - sym options: 0x614 - pdb path: .;C:\Program Files\Java\jdk-19\bin;C:\WINDOWS\SYSTEM32;C:\WINDOWS\WinSxS\amd64_microsoft.windows.common-controls_6595b64144ccf1df_6.0.19041.4355_none_60b8b9eb71f62e16;C:\Program Files\Java\jdk-19\bin\server

VM Arguments:
jvm_args: -Dfile.encoding=UTF-8 --module-path=C:\Users\1\OneDrive\Documents\NetBeansProjects\ProyectoClinetesTeam-version2\build\classes 
java_command: Views.JframeRol
java_class_path (initial): C:\Users\1\Downloads\mysql-connector-j-9.2.0\mysql-connector-j-9.2.0.jar;C:\Users\1\OneDrive\Documents\NetBeansProjects\ProyectoClinetesTeam-version2\build\classes
Launcher Type: SUN_STANDARD

[Global flags]
     intx CICompilerCount                          = 3                                         {product} {ergonomic}
     uint ConcGCThreads                            = 1                                         {product} {ergonomic}
     uint G1ConcRefinementThreads                  = 4                                         {product} {ergonomic}
   size_t G1HeapRegionSize                         = 1048576                                   {product} {ergonomic}
    uintx GCDrainStackTargetSize                   = 64                                        {product} {ergonomic}
   size_t InitialHeapSize                          = 134217728                                 {product} {ergonomic}
   size_t MarkStackSize                            = 4194304                                   {product} {ergonomic}
   size_t MaxHeapSize                              = 2120220672                                {product} {ergonomic}
   size_t MaxNewSize                               = 1271922688                                {product} {ergonomic}
   size_t MinHeapDeltaBytes                        = 1048576                                   {product} {ergonomic}
   size_t MinHeapSize                              = 8388608                                   {product} {ergonomic}
    uintx NonNMethodCodeHeapSize                   = 5832780                                {pd product} {ergonomic}
    uintx NonProfiledCodeHeapSize                  = 122912730                              {pd product} {ergonomic}
    uintx ProfiledCodeHeapSize                     = 122912730                              {pd product} {ergonomic}
    uintx ReservedCodeCacheSize                    = 251658240                              {pd product} {ergonomic}
     bool SegmentedCodeCache                       = true                                      {product} {ergonomic}
   size_t SoftMaxHeapSize                          = 2120220672                             {manageable} {ergonomic}
     bool UseCompressedClassPointers               = true                           {product lp64_product} {ergonomic}
     bool UseCompressedOops                        = true                           {product lp64_product} {ergonomic}
     bool UseG1GC                                  = true                                      {product} {ergonomic}
     bool UseLargePagesIndividualAllocation        = false                                  {pd product} {ergonomic}

Logging:
Log output configuration:
 #0: stdout all=warning uptime,level,tags foldmultilines=false
 #1: stderr all=off uptime,level,tags foldmultilines=false

Environment Variables:
JAVA_HOME=C:\Program Files\Java\jdk-19
PATH=C:\Program Files\Common Files\Oracle\Java\javapath;C:\WINDOWS\system32;C:\WINDOWS;C:\WINDOWS\System32\Wbem;C:\WINDOWS\System32\WindowsPowerShell\v1.0\;C:\WINDOWS\System32\OpenSSH\;C:\Program Files\Git\cmd;C:\ProgramData\chocolatey\bin;C:\Program Files\nodejs\;C:\Users\1\AppData\Local\Programs\Python\Python311\Scripts\;C:\Users\1\AppData\Local\Programs\Python\Python311\;C:\Program Files\MySQL\MySQL Shell 8.0\bin\;C:\Users\1\AppData\Local\Microsoft\WindowsApps;C:\Users\1\AppData\Local\Programs\Microsoft VS Code\bin;C:\Users\1\AppData\Roaming\npm;
USERNAME=1
OS=Windows_NT
PROCESSOR_IDENTIFIER=Intel64 Family 6 Model 60 Stepping 3, GenuineIntel
TMP=C:\Users\1\AppData\Local\Temp
TEMP=C:\Users\1\AppData\Local\Temp



---------------  S Y S T E M  ---------------

OS:
 Windows 10 , 64 bit Build 19041 (10.0.19041.5438)
OS uptime: 17 days 17:40 hours

CPU: total 4 (initial active 4) (4 cores per cpu, 1 threads per core) family 6 model 60 stepping 3 microcode 0x27, cx8, cmov, fxsr, mmx, sse, sse2, sse3, ssse3, sse4.1, sse4.2, popcnt, lzcnt, tsc, tscinvbit, avx, avx2, aes, erms, clmul, bmi1, bmi2, fma, vzeroupper, clflush, rdtscp

Memory: 4k page, system-wide physical 8082M (1954M free)
TotalPageFile size 10130M (AvailPageFile size 4M)
current process WorkingSet (physical memory assigned to process): 86M, peak: 92M
current process commit charge ("private bytes"): 230M, peak: 236M

vm_info: Java HotSpot(TM) 64-Bit Server VM (19.0.2+7-44) for windows-amd64 JRE (19.0.2+7-44), built on 2022-11-30T18:02:09Z by "mach5one" with MS VC++ 17.1 (VS2022)

END.
